<?xml version="1.0" encoding="UTF-8"?>
<testng-results ignored="0" total="1" passed="1" failed="0" skipped="0">
  <reporter-output>
  </reporter-output>
  <suite started-at="2023-08-10T12:48:45 IST" name="Default suite" finished-at="2023-08-10T12:48:55 IST" duration-ms="10506">
    <groups>
    </groups>
    <test started-at="2023-08-10T12:48:45 IST" name="Default test" finished-at="2023-08-10T12:48:55 IST" duration-ms="10506">
      <class name="Day3.NewTest">
        <test-method is-config="true" signature="beforeTest()[pri:0, instance:Day3.NewTest@353352b6]" started-at="2023-08-10T12:48:45 IST" name="beforeTest" finished-at="2023-08-10T12:48:50 IST" duration-ms="5015" status="PASS">
          <reporter-output>
          </reporter-output>
        </test-method> <!-- beforeTest -->
        <test-method signature="f()[pri:0, instance:Day3.NewTest@353352b6]" started-at="2023-08-10T12:48:50 IST" name="f" finished-at="2023-08-10T12:48:55 IST" duration-ms="5083" status="PASS">
          <reporter-output>
          </reporter-output>
        </test-method> <!-- f -->
        <test-method is-config="true" signature="afterTest()[pri:0, instance:Day3.NewTest@353352b6]" started-at="2023-08-10T12:48:55 IST" name="afterTest" finished-at="2023-08-10T12:48:55 IST" duration-ms="331" status="PASS">
          <reporter-output>
          </reporter-output>
        </test-method> <!-- afterTest -->
      </class> <!-- Day3.NewTest -->
    </test> <!-- Default test -->
  </suite> <!-- Default suite -->
</testng-results>
